2025-08-21 17:58:03,132 - EventosFeriados - INFO - Sistema de logging inicializado
2025-08-21 17:58:28,095 - EventosFeriados - INFO - Sistema de logging inicializado
2025-08-22 08:29:49,281 - EventosFeriados - INFO - Sistema de logging inicializado
2025-08-22 08:29:49,449 - EventosFeriados.GerenciadorEventos - INFO - Eventos salvos com sucesso
2025-08-22 08:29:49,449 - EventosFeriados.SincronizadorTCE - INFO - Consultando API do TCE: https://catalogodeservicos.tce.go.gov.br/api/pauta/datas/08/2025
2025-08-22 08:29:49,500 - EventosFeriados.SincronizadorTCE - INFO - Dados obtidos com sucesso da API do TCE para 08/2025
2025-08-22 08:29:49,501 - EventosFeriados.SincronizadorTCE - ERROR - Erro ao fazer parse do XML: syntax error: line 1, column 0
2025-08-22 08:29:49,501 - EventosFeriados.SincronizadorTCE - INFO - Iniciando sincronização TCE para 08/2025
2025-08-22 08:29:49,501 - EventosFeriados.SincronizadorTCE - INFO - Consultando API do TCE: https://catalogodeservicos.tce.go.gov.br/api/pauta/datas/08/2025
2025-08-22 08:29:49,542 - EventosFeriados.SincronizadorTCE - INFO - Dados obtidos com sucesso da API do TCE para 08/2025
2025-08-22 08:29:49,543 - EventosFeriados.SincronizadorTCE - ERROR - Erro ao fazer parse do XML: syntax error: line 1, column 0
2025-08-22 08:29:49,543 - EventosFeriados.SincronizadorTCE - INFO - Sincronização TCE concluída para 08/2025 - 0 eventos processados
2025-08-22 08:29:49,544 - EventosFeriados.SincronizadorTCE - INFO - Iniciando sincronização TCE para 08/2025
2025-08-22 08:29:49,544 - EventosFeriados.SincronizadorTCE - INFO - Consultando API do TCE: https://catalogodeservicos.tce.go.gov.br/api/pauta/datas/08/2025
2025-08-22 08:29:49,559 - EventosFeriados.SincronizadorTCE - INFO - Dados obtidos com sucesso da API do TCE para 08/2025
2025-08-22 08:29:49,560 - EventosFeriados.SincronizadorTCE - ERROR - Erro ao fazer parse do XML: syntax error: line 1, column 0
2025-08-22 08:29:49,560 - EventosFeriados.SincronizadorTCE - INFO - Sincronização TCE concluída para 08/2025 - 0 eventos processados
2025-08-22 08:29:49,560 - EventosFeriados.SincronizadorTCE - INFO - Iniciando sincronização TCE para 09/2025
2025-08-22 08:29:49,560 - EventosFeriados.SincronizadorTCE - INFO - Consultando API do TCE: https://catalogodeservicos.tce.go.gov.br/api/pauta/datas/09/2025
2025-08-22 08:29:49,602 - EventosFeriados.SincronizadorTCE - INFO - Dados obtidos com sucesso da API do TCE para 09/2025
2025-08-22 08:29:49,602 - EventosFeriados.SincronizadorTCE - ERROR - Erro ao fazer parse do XML: syntax error: line 1, column 0
2025-08-22 08:29:49,603 - EventosFeriados.SincronizadorTCE - INFO - Sincronização TCE concluída para 09/2025 - 0 eventos processados
2025-08-22 08:29:49,603 - EventosFeriados.SincronizadorTCE - INFO - Sincronização TCE período atual concluída - 0 eventos processados
2025-08-22 08:29:49,652 - EventosFeriados.SincronizadorCLP - INFO - SincronizadorCLP inicializado com API_BASE_URL: https://automacao.tce.go.gov.br/scadaweb/api
2025-08-22 08:29:49,652 - EventosFeriados.SincronizadorCLP - INFO - CLP_IP: 172.17.85.104
2025-08-22 08:29:49,653 - EventosFeriados.SincronizadorCLP - INFO - AUTH_USER: eventosferiados
2025-08-22 08:29:49,653 - EventosFeriados.SincronizadorCLPAuditorio - INFO - SincronizadorCLPAuditorio inicializado com API_BASE_URL: https://automacao.tce.go.gov.br/scadaweb/api
2025-08-22 08:29:49,653 - EventosFeriados.SincronizadorCLPAuditorio - INFO - CLP_IP: 172.17.85.123
2025-08-22 08:29:49,653 - EventosFeriados.SincronizadorCLPAuditorio - INFO - Locais gerenciados: ['Auditório Nobre', 'Foyer do Auditório']
2025-08-22 08:29:49,653 - EventosFeriados.GerenciadorFeriados - INFO - Inicializando feriados padrão para 2025 e 2026
2025-08-22 08:29:49,881 - EventosFeriados.GerenciadorFeriados - INFO - Feriados salvos com sucesso
2025-08-22 08:29:49,882 - EventosFeriados.GerenciadorFeriados - INFO - Feriados padrão inicializados: 26 total (20 nacionais, 4 estaduais, 2 municipais) - SEM DUPLICATAS
2025-08-22 08:29:49,882 - EventosFeriados.GerenciadorFeriados - INFO - Verificando duplicatas em 26 feriados...
2025-08-22 08:29:49,882 - EventosFeriados.GerenciadorFeriados - INFO - [INIT] Nenhuma duplicata encontrada nos 26 feriados
2025-08-22 08:29:49,882 - EventosFeriados.AgendadorCLP - INFO - Gerenciadores inicializados no agendador CLP
2025-08-22 08:29:49,883 - EventosFeriados.AgendadorCLP - INFO - Configuração TCE atualizada - Habilitado: True, Horário: 08:00
2025-08-22 08:29:49,883 - EventosFeriados.AgendadorCLP - INFO - Executando sincronização manual TCE
2025-08-22 08:29:49,883 - EventosFeriados.SincronizadorTCE - INFO - Iniciando sincronização TCE para 08/2025
2025-08-22 08:29:49,883 - EventosFeriados.SincronizadorTCE - INFO - Consultando API do TCE: https://catalogodeservicos.tce.go.gov.br/api/pauta/datas/08/2025
2025-08-22 08:29:49,913 - EventosFeriados.SincronizadorTCE - INFO - Dados obtidos com sucesso da API do TCE para 08/2025
2025-08-22 08:29:49,913 - EventosFeriados.SincronizadorTCE - ERROR - Erro ao fazer parse do XML: syntax error: line 1, column 0
2025-08-22 08:29:49,913 - EventosFeriados.SincronizadorTCE - INFO - Sincronização TCE concluída para 08/2025 - 0 eventos processados
2025-08-22 08:29:49,914 - EventosFeriados.SincronizadorTCE - INFO - Iniciando sincronização TCE para 09/2025
2025-08-22 08:29:49,914 - EventosFeriados.SincronizadorTCE - INFO - Consultando API do TCE: https://catalogodeservicos.tce.go.gov.br/api/pauta/datas/09/2025
2025-08-22 08:29:49,932 - EventosFeriados.SincronizadorTCE - INFO - Dados obtidos com sucesso da API do TCE para 09/2025
2025-08-22 08:29:49,932 - EventosFeriados.SincronizadorTCE - ERROR - Erro ao fazer parse do XML: syntax error: line 1, column 0
2025-08-22 08:29:49,932 - EventosFeriados.SincronizadorTCE - INFO - Sincronização TCE concluída para 09/2025 - 0 eventos processados
2025-08-22 08:29:49,933 - EventosFeriados.SincronizadorTCE - INFO - Sincronização TCE período atual concluída - 0 eventos processados
2025-08-22 08:29:49,933 - EventosFeriados.AgendadorCLP - INFO - Sincronização manual TCE concluída: 0 eventos processados
2025-08-22 08:31:12,137 - EventosFeriados - INFO - Sistema de logging inicializado
2025-08-22 08:31:12,199 - EventosFeriados.GerenciadorEventos - INFO - Carregados 0 eventos do arquivo
2025-08-22 08:31:12,199 - EventosFeriados.SincronizadorTCE - INFO - Consultando API do TCE: https://catalogodeservicos.tce.go.gov.br/api/pauta/datas/08/2025
2025-08-22 08:31:12,247 - EventosFeriados.SincronizadorTCE - INFO - Dados obtidos com sucesso da API do TCE para 08/2025 - 13 eventos
2025-08-22 08:31:12,248 - EventosFeriados.SincronizadorTCE - INFO - Filtrados 1 eventos do Tribunal Pleno vespertinos
2025-08-22 08:31:12,248 - EventosFeriados.SincronizadorTCE - INFO - Iniciando sincronização TCE para 08/2025
2025-08-22 08:31:12,249 - EventosFeriados.SincronizadorTCE - INFO - Consultando API do TCE: https://catalogodeservicos.tce.go.gov.br/api/pauta/datas/08/2025
2025-08-22 08:31:12,297 - EventosFeriados.SincronizadorTCE - INFO - Dados obtidos com sucesso da API do TCE para 08/2025 - 13 eventos
2025-08-22 08:31:12,298 - EventosFeriados.SincronizadorTCE - INFO - Filtrados 1 eventos do Tribunal Pleno vespertinos
2025-08-22 08:31:12,304 - EventosFeriados.GerenciadorEventos - INFO - Eventos salvos com sucesso
2025-08-22 08:31:12,346 - EventosFeriados.GerenciadorFeriados - INFO - Carregados 26 feriados do arquivo
2025-08-22 08:31:12,346 - EventosFeriados.GerenciadorFeriados - INFO - Verificando duplicatas em 26 feriados...
2025-08-22 08:31:12,346 - EventosFeriados.GerenciadorFeriados - INFO - [INIT] Nenhuma duplicata encontrada nos 26 feriados
2025-08-22 08:31:12,346 - EventosFeriados - INFO - Sistema de notificação de eventos inicializado com sucesso
2025-08-22 08:31:12,346 - EventosFeriados - ERROR - Erro ao enviar notificação de evento criado: 'GerenciadorFeriados' object has no attribute 'eh_feriado'
2025-08-22 08:31:12,347 - EventosFeriados.GerenciadorEventos - INFO - Evento adicionado: Tribunal Pleno:   Ordinária às 15:00 hora(s) no Plenário
2025-08-22 08:31:12,347 - EventosFeriados.GerenciadorEventos - INFO - Eventos salvos com sucesso
2025-08-22 08:31:12,347 - EventosFeriados.SincronizadorTCE - INFO - Evento TCE criado: Tribunal Pleno:   Ordinária às 15:00 hora(s) - 13/8/2025
2025-08-22 08:31:12,347 - EventosFeriados.SincronizadorTCE - INFO - Sincronização TCE concluída para 08/2025 - 1 eventos processados
2025-08-22 08:31:12,348 - EventosFeriados.SincronizadorTCE - INFO - Iniciando sincronização TCE para 08/2025
2025-08-22 08:31:12,348 - EventosFeriados.SincronizadorTCE - INFO - Consultando API do TCE: https://catalogodeservicos.tce.go.gov.br/api/pauta/datas/08/2025
2025-08-22 08:31:12,384 - EventosFeriados.SincronizadorTCE - INFO - Dados obtidos com sucesso da API do TCE para 08/2025 - 13 eventos
2025-08-22 08:31:12,385 - EventosFeriados.SincronizadorTCE - INFO - Filtrados 1 eventos do Tribunal Pleno vespertinos
2025-08-22 08:31:12,385 - EventosFeriados.SincronizadorTCE - INFO - Evento TCE já existe: Tribunal Pleno:   Ordinária às 15:00 hora(s) - 13/8/2025
2025-08-22 08:31:12,385 - EventosFeriados.SincronizadorTCE - INFO - Sincronização TCE concluída para 08/2025 - 1 eventos processados
2025-08-22 08:31:12,385 - EventosFeriados.SincronizadorTCE - INFO - Iniciando sincronização TCE para 09/2025
2025-08-22 08:31:12,385 - EventosFeriados.SincronizadorTCE - INFO - Consultando API do TCE: https://catalogodeservicos.tce.go.gov.br/api/pauta/datas/09/2025
2025-08-22 08:31:12,416 - EventosFeriados.SincronizadorTCE - INFO - Dados obtidos com sucesso da API do TCE para 09/2025 - 20 eventos
2025-08-22 08:31:12,417 - EventosFeriados.SincronizadorTCE - INFO - Filtrados 2 eventos do Tribunal Pleno vespertinos
2025-08-22 08:31:12,417 - EventosFeriados.GerenciadorEventos - INFO - Eventos salvos com sucesso
2025-08-22 08:31:12,417 - EventosFeriados - ERROR - Erro ao enviar notificação de evento criado: 'GerenciadorFeriados' object has no attribute 'eh_feriado'
2025-08-22 08:31:12,418 - EventosFeriados.GerenciadorEventos - INFO - Evento adicionado: Tribunal Pleno:   Ordinária às 15:00 hora(s) no Plenário
2025-08-22 08:31:12,418 - EventosFeriados.GerenciadorEventos - INFO - Eventos salvos com sucesso
2025-08-22 08:31:12,418 - EventosFeriados.SincronizadorTCE - INFO - Evento TCE criado: Tribunal Pleno:   Ordinária às 15:00 hora(s) - 24/9/2025
2025-08-22 08:31:12,418 - EventosFeriados.SincronizadorTCE - INFO - Evento TCE já existe: Tribunal Pleno:   Extraordinária Administrativa às 16:00 hora(s) - 24/9/2025
2025-08-22 08:31:12,418 - EventosFeriados.SincronizadorTCE - INFO - Sincronização TCE concluída para 09/2025 - 2 eventos processados
2025-08-22 08:31:12,418 - EventosFeriados.SincronizadorTCE - INFO - Sincronização TCE período atual concluída - 3 eventos processados
2025-08-22 08:31:12,420 - EventosFeriados.SincronizadorCLP - INFO - SincronizadorCLP inicializado com API_BASE_URL: https://automacao.tce.go.gov.br/scadaweb/api
2025-08-22 08:31:12,421 - EventosFeriados.SincronizadorCLP - INFO - CLP_IP: 172.17.85.104
2025-08-22 08:31:12,421 - EventosFeriados.SincronizadorCLP - INFO - AUTH_USER: eventosferiados
2025-08-22 08:31:12,421 - EventosFeriados.SincronizadorCLPAuditorio - INFO - SincronizadorCLPAuditorio inicializado com API_BASE_URL: https://automacao.tce.go.gov.br/scadaweb/api
2025-08-22 08:31:12,421 - EventosFeriados.SincronizadorCLPAuditorio - INFO - CLP_IP: 172.17.85.123
2025-08-22 08:31:12,421 - EventosFeriados.SincronizadorCLPAuditorio - INFO - Locais gerenciados: ['Auditório Nobre', 'Foyer do Auditório']
2025-08-22 08:31:12,421 - EventosFeriados.GerenciadorFeriados - INFO - Carregados 26 feriados do arquivo
2025-08-22 08:31:12,421 - EventosFeriados.GerenciadorFeriados - INFO - Verificando duplicatas em 26 feriados...
2025-08-22 08:31:12,421 - EventosFeriados.GerenciadorFeriados - INFO - [INIT] Nenhuma duplicata encontrada nos 26 feriados
2025-08-22 08:31:12,421 - EventosFeriados.AgendadorCLP - INFO - Gerenciadores inicializados no agendador CLP
2025-08-22 08:31:12,422 - EventosFeriados.AgendadorCLP - INFO - Configuração TCE atualizada - Habilitado: True, Horário: 08:00
2025-08-22 08:31:12,422 - EventosFeriados.AgendadorCLP - INFO - Executando sincronização manual TCE
2025-08-22 08:31:12,423 - EventosFeriados.SincronizadorTCE - INFO - Iniciando sincronização TCE para 08/2025
2025-08-22 08:31:12,423 - EventosFeriados.SincronizadorTCE - INFO - Consultando API do TCE: https://catalogodeservicos.tce.go.gov.br/api/pauta/datas/08/2025
2025-08-22 08:31:12,442 - EventosFeriados.SincronizadorTCE - INFO - Dados obtidos com sucesso da API do TCE para 08/2025 - 13 eventos
2025-08-22 08:31:12,442 - EventosFeriados.SincronizadorTCE - INFO - Filtrados 1 eventos do Tribunal Pleno vespertinos
2025-08-22 08:31:12,442 - EventosFeriados.SincronizadorTCE - INFO - Evento TCE já existe: Tribunal Pleno:   Ordinária às 15:00 hora(s) - 13/8/2025
2025-08-22 08:31:12,443 - EventosFeriados.SincronizadorTCE - INFO - Sincronização TCE concluída para 08/2025 - 1 eventos processados
2025-08-22 08:31:12,443 - EventosFeriados.SincronizadorTCE - INFO - Iniciando sincronização TCE para 09/2025
2025-08-22 08:31:12,443 - EventosFeriados.SincronizadorTCE - INFO - Consultando API do TCE: https://catalogodeservicos.tce.go.gov.br/api/pauta/datas/09/2025
2025-08-22 08:31:12,465 - EventosFeriados.SincronizadorTCE - INFO - Dados obtidos com sucesso da API do TCE para 09/2025 - 20 eventos
2025-08-22 08:31:12,465 - EventosFeriados.SincronizadorTCE - INFO - Filtrados 2 eventos do Tribunal Pleno vespertinos
2025-08-22 08:31:12,465 - EventosFeriados.SincronizadorTCE - INFO - Evento TCE já existe: Tribunal Pleno:   Ordinária às 15:00 hora(s) - 24/9/2025
2025-08-22 08:31:12,465 - EventosFeriados.SincronizadorTCE - INFO - Evento TCE já existe: Tribunal Pleno:   Extraordinária Administrativa às 16:00 hora(s) - 24/9/2025
2025-08-22 08:31:12,466 - EventosFeriados.SincronizadorTCE - INFO - Sincronização TCE concluída para 09/2025 - 2 eventos processados
2025-08-22 08:31:12,466 - EventosFeriados.SincronizadorTCE - INFO - Sincronização TCE período atual concluída - 3 eventos processados
2025-08-22 08:31:12,466 - EventosFeriados.AgendadorCLP - INFO - Sincronização manual TCE concluída: 3 eventos processados
2025-08-22 08:31:30,778 - EventosFeriados - INFO - Sistema de logging inicializado
2025-08-22 08:31:30,803 - EventosFeriados.GerenciadorFeriados - INFO - Carregados 26 feriados do arquivo
2025-08-22 08:31:30,803 - EventosFeriados.GerenciadorFeriados - INFO - Verificando duplicatas em 26 feriados...
2025-08-22 08:31:30,803 - EventosFeriados.GerenciadorFeriados - INFO - [INIT] Nenhuma duplicata encontrada nos 26 feriados
2025-08-22 08:31:30,803 - EventosFeriados - INFO - Gerenciador de feriados iniciado
2025-08-22 08:31:30,804 - EventosFeriados.GerenciadorEventos - INFO - Carregados 2 eventos do arquivo
2025-08-22 08:31:30,804 - EventosFeriados - INFO - Gerenciador de eventos iniciado
2025-08-22 08:31:30,864 - EventosFeriados.SincronizadorCLP - INFO - SincronizadorCLP inicializado com API_BASE_URL: https://automacao.tce.go.gov.br/scadaweb/api
2025-08-22 08:31:30,864 - EventosFeriados.SincronizadorCLP - INFO - CLP_IP: 172.17.85.104
2025-08-22 08:31:30,864 - EventosFeriados.SincronizadorCLP - INFO - AUTH_USER: eventosferiados
2025-08-22 08:31:30,864 - EventosFeriados - INFO - Integração CLP Plenário iniciada
2025-08-22 08:31:30,872 - EventosFeriados.SincronizadorCLPAuditorio - INFO - SincronizadorCLPAuditorio inicializado com API_BASE_URL: https://automacao.tce.go.gov.br/scadaweb/api
2025-08-22 08:31:30,873 - EventosFeriados.SincronizadorCLPAuditorio - INFO - CLP_IP: 172.17.85.123
2025-08-22 08:31:30,873 - EventosFeriados.SincronizadorCLPAuditorio - INFO - Locais gerenciados: ['Auditório Nobre', 'Foyer do Auditório']
2025-08-22 08:31:30,873 - EventosFeriados - INFO - Integração CLP Auditório iniciada
2025-08-22 08:31:30,874 - EventosFeriados.AgendadorCLP - INFO - Gerenciadores inicializados no agendador CLP
2025-08-22 08:31:30,875 - EventosFeriados.AgendadorCLP - INFO - Agendador iniciado (CLP Plenário + CLP Auditório + TCE)
2025-08-22 08:31:30,875 - EventosFeriados.AgendadorCLP - INFO - Agendador iniciado em thread separada
2025-08-22 08:31:30,875 - EventosFeriados - INFO - Agendador CLP iniciado
2025-08-22 08:31:30,904 - EventosFeriados - INFO - Rotas registradas:
2025-08-22 08:31:30,904 - EventosFeriados - INFO -   static: /EventosFeriados/static/<path:filename>
2025-08-22 08:31:30,904 - EventosFeriados - INFO -   api_feriados.listar_feriados: /EventosFeriados/api/feriados
2025-08-22 08:31:30,904 - EventosFeriados - INFO -   api_feriados.obter_feriado: /EventosFeriados/api/feriados/<feriado_id>
2025-08-22 08:31:30,904 - EventosFeriados - INFO -   api_feriados.adicionar_feriado: /EventosFeriados/api/feriados
2025-08-22 08:31:30,905 - EventosFeriados - INFO -   api_feriados.atualizar_feriado: /EventosFeriados/api/feriados/<feriado_id>
2025-08-22 08:31:30,905 - EventosFeriados - INFO -   api_feriados.remover_feriado: /EventosFeriados/api/feriados/<feriado_id>
2025-08-22 08:31:30,905 - EventosFeriados - INFO -   api_feriados.verificar_feriado: /EventosFeriados/api/feriados/verificar
2025-08-22 08:31:30,905 - EventosFeriados - INFO -   api_feriados.remover_duplicatas: /EventosFeriados/api/feriados/remover-duplicatas
2025-08-22 08:31:30,905 - EventosFeriados - INFO -   api_feriados.limpar_duplicatas_manual: /EventosFeriados/api/feriados/limpar-duplicatas
2025-08-22 08:31:30,905 - EventosFeriados - INFO -   api_eventos.listar_eventos: /EventosFeriados/api/eventos
2025-08-22 08:31:30,905 - EventosFeriados - INFO -   api_eventos.obter_evento: /EventosFeriados/api/eventos/<evento_id>
2025-08-22 08:31:30,905 - EventosFeriados - INFO -   api_eventos.adicionar_evento: /EventosFeriados/api/eventos
2025-08-22 08:31:30,905 - EventosFeriados - INFO -   api_eventos.atualizar_evento: /EventosFeriados/api/eventos/<evento_id>
2025-08-22 08:31:30,905 - EventosFeriados - INFO -   api_eventos.remover_evento: /EventosFeriados/api/eventos/<evento_id>
2025-08-22 08:31:30,906 - EventosFeriados - INFO -   api_eventos.eventos_por_data: /EventosFeriados/api/eventos/por-data
2025-08-22 08:31:30,906 - EventosFeriados - INFO -   api_eventos.eventos_por_local: /EventosFeriados/api/eventos/por-local/<local>
2025-08-22 08:31:30,906 - EventosFeriados - INFO -   api_eventos.listar_locais: /EventosFeriados/api/eventos/locais
2025-08-22 08:31:30,906 - EventosFeriados - INFO -   api_clp.status_clp: /EventosFeriados/api/clp/status
2025-08-22 08:31:30,906 - EventosFeriados - INFO -   api_clp.status_data_clp: /EventosFeriados/api/clp/data/<int:dia>/<int:mes>/<int:ano>
2025-08-22 08:31:30,906 - EventosFeriados - INFO -   api_clp.calendario_clp: /EventosFeriados/api/clp/calendario/<int:mes>/<int:ano>
2025-08-22 08:31:30,906 - EventosFeriados - INFO -   api_clp.proximo_evento_clp: /EventosFeriados/api/clp/proximo-evento
2025-08-22 08:31:30,906 - EventosFeriados - INFO -   api_clp.verificar_disponibilidade_clp: /EventosFeriados/api/clp/verificar-disponibilidade
2025-08-22 08:31:30,906 - EventosFeriados - INFO -   api_clp.exportar_dados_clp: /EventosFeriados/api/clp/exportar
2025-08-22 08:31:30,906 - EventosFeriados - INFO -   api_clp.status_hoje_clp: /EventosFeriados/api/clp/hoje
2025-08-22 08:31:30,906 - EventosFeriados - INFO -   api_clp.listar_locais_clp: /EventosFeriados/api/clp/locais
2025-08-22 08:31:30,906 - EventosFeriados - INFO -   api_clp.status_sincronizacao: /EventosFeriados/api/clp/sincronizacao/status
2025-08-22 08:31:30,906 - EventosFeriados - INFO -   api_clp.executar_sincronizacao: /EventosFeriados/api/clp/sincronizacao/executar
2025-08-22 08:31:30,906 - EventosFeriados - INFO -   api_clp.verificar_conectividade: /EventosFeriados/api/clp/conectividade
2025-08-22 08:31:30,907 - EventosFeriados - INFO -   api_clp.status_agendador: /EventosFeriados/api/clp/agendador/status
2025-08-22 08:31:30,907 - EventosFeriados - INFO -   api_clp.teste_tag: /EventosFeriados/api/clp/teste-tag
2025-08-22 08:31:30,907 - EventosFeriados - INFO -   api_clp.limpar_feriados: /EventosFeriados/api/clp/limpar-feriados
2025-08-22 08:31:30,907 - EventosFeriados - INFO -   api_clp.limpar_dados_completo: /EventosFeriados/api/clp/limpar-completo
2025-08-22 08:31:30,907 - EventosFeriados - INFO -   api_clp.limpar_eventos_plenario: /EventosFeriados/api/clp/limpar-eventos
2025-08-22 08:31:30,907 - EventosFeriados - INFO -   api_clp_auditorio.obter_status_auditorio: /EventosFeriados/api/clp-auditorio/status
2025-08-22 08:31:30,907 - EventosFeriados - INFO -   api_clp_auditorio.verificar_conectividade_auditorio: /EventosFeriados/api/clp-auditorio/conectividade
2025-08-22 08:31:30,907 - EventosFeriados - INFO -   api_clp_auditorio.executar_sincronizacao_auditorio: /EventosFeriados/api/clp-auditorio/sincronizar
2025-08-22 08:31:30,907 - EventosFeriados - INFO -   api_clp_auditorio.obter_status_data_auditorio: /EventosFeriados/api/clp-auditorio/data/<int:dia>/<int:mes>/<int:ano>
2025-08-22 08:31:30,907 - EventosFeriados - INFO -   api_clp_auditorio.obter_calendario_auditorio: /EventosFeriados/api/clp-auditorio/calendario/<int:mes>/<int:ano>
2025-08-22 08:31:30,907 - EventosFeriados - INFO -   api_clp_auditorio.proximo_evento_auditorio: /EventosFeriados/api/clp-auditorio/proximo-evento
2025-08-22 08:31:30,908 - EventosFeriados - INFO -   api_clp_auditorio.verificar_disponibilidade_auditorio: /EventosFeriados/api/clp-auditorio/verificar-disponibilidade
2025-08-22 08:31:30,908 - EventosFeriados - INFO -   api_clp_auditorio.exportar_dados_auditorio: /EventosFeriados/api/clp-auditorio/exportar
2025-08-22 08:31:30,908 - EventosFeriados - INFO -   api_clp_auditorio.status_hoje_auditorio: /EventosFeriados/api/clp-auditorio/hoje
2025-08-22 08:31:30,908 - EventosFeriados - INFO -   api_clp_auditorio.listar_locais_auditorio: /EventosFeriados/api/clp-auditorio/locais
2025-08-22 08:31:30,908 - EventosFeriados - INFO -   api_clp_auditorio.limpar_eventos_auditorio: /EventosFeriados/api/clp-auditorio/limpar-eventos
2025-08-22 08:31:30,908 - EventosFeriados - INFO -   api_clp_auditorio.limpar_dados_completo_auditorio: /EventosFeriados/api/clp-auditorio/limpar-completo
2025-08-22 08:31:30,908 - EventosFeriados - INFO -   api_clp_auditorio.testar_tag_auditorio: /EventosFeriados/api/clp-auditorio/testar-tag
2025-08-22 08:31:30,908 - EventosFeriados - INFO -   api_tce.sincronizar_tce: /EventosFeriados/api/tce/sincronizar
2025-08-22 08:31:30,908 - EventosFeriados - INFO -   api_tce.status_tce: /EventosFeriados/api/tce/status
2025-08-22 08:31:30,908 - EventosFeriados - INFO -   api_tce.configurar_tce: /EventosFeriados/api/tce/configurar
2025-08-22 08:31:30,908 - EventosFeriados - INFO -   api_tce.listar_eventos_tce: /EventosFeriados/api/tce/eventos
2025-08-22 08:31:30,909 - EventosFeriados - INFO -   api_tce.remover_evento_tce: /EventosFeriados/api/tce/eventos/<evento_id>
2025-08-22 08:31:30,909 - EventosFeriados - INFO -   web.static: /EventosFeriados/static/<path:filename>
2025-08-22 08:31:30,909 - EventosFeriados - INFO -   web.index: /EventosFeriados/
2025-08-22 08:31:30,909 - EventosFeriados - INFO -   web.feriados: /EventosFeriados/feriados
2025-08-22 08:31:30,909 - EventosFeriados - INFO -   web.eventos: /EventosFeriados/eventos
2025-08-22 08:31:30,909 - EventosFeriados - INFO -   web.calendario: /EventosFeriados/calendario
2025-08-22 08:31:30,909 - EventosFeriados - INFO -   web.sincronizacao_clp: /EventosFeriados/sincronizacao-clp
2025-08-22 08:31:30,909 - EventosFeriados - INFO -   web.sincronizacao_tce: /EventosFeriados/sincronizacao-tce
2025-08-22 08:31:30,909 - EventosFeriados - INFO -   api_status: /EventosFeriados/api/status
2025-08-22 08:31:30,920 - EventosFeriados.GerenciadorFeriados - INFO - Carregados 26 feriados do arquivo
2025-08-22 08:31:30,920 - EventosFeriados.GerenciadorFeriados - INFO - Verificando duplicatas em 26 feriados...
2025-08-22 08:31:30,920 - EventosFeriados.GerenciadorFeriados - INFO - [INIT] Nenhuma duplicata encontrada nos 26 feriados
2025-08-22 08:31:30,920 - EventosFeriados - INFO - Sistema de notificação de eventos inicializado com sucesso
2025-08-22 08:31:30,921 - EventosFeriados - INFO - Scheduler de lembretes de eventos iniciado (verificação diária às 08:00)
2025-08-22 08:31:30,921 - EventosFeriados - INFO - Sistema de notificações de eventos inicializado
2025-08-22 08:31:30,968 - werkzeug - INFO - [31m[1mWARNING: This is a development server. Do not use it in a production deployment. Use a production WSGI server instead.[0m
 * Running on http://127.0.0.1:5045
2025-08-22 08:31:30,969 - werkzeug - INFO - [33mPress CTRL+C to quit[0m
2025-08-22 08:31:30,981 - werkzeug - INFO -  * Restarting with watchdog (windowsapi)
2025-08-22 08:31:31,179 - EventosFeriados - INFO - Sistema de logging inicializado
2025-08-22 08:31:31,197 - EventosFeriados.GerenciadorFeriados - INFO - Carregados 26 feriados do arquivo
2025-08-22 08:31:31,198 - EventosFeriados.GerenciadorFeriados - INFO - Verificando duplicatas em 26 feriados...
2025-08-22 08:31:31,198 - EventosFeriados.GerenciadorFeriados - INFO - [INIT] Nenhuma duplicata encontrada nos 26 feriados
2025-08-22 08:31:31,198 - EventosFeriados - INFO - Gerenciador de feriados iniciado
2025-08-22 08:31:31,199 - EventosFeriados.GerenciadorEventos - INFO - Carregados 2 eventos do arquivo
2025-08-22 08:31:31,199 - EventosFeriados - INFO - Gerenciador de eventos iniciado
2025-08-22 08:31:31,253 - EventosFeriados.SincronizadorCLP - INFO - SincronizadorCLP inicializado com API_BASE_URL: https://automacao.tce.go.gov.br/scadaweb/api
2025-08-22 08:31:31,254 - EventosFeriados.SincronizadorCLP - INFO - CLP_IP: 172.17.85.104
2025-08-22 08:31:31,254 - EventosFeriados.SincronizadorCLP - INFO - AUTH_USER: eventosferiados
2025-08-22 08:31:31,254 - EventosFeriados - INFO - Integração CLP Plenário iniciada
2025-08-22 08:31:31,255 - EventosFeriados.SincronizadorCLPAuditorio - INFO - SincronizadorCLPAuditorio inicializado com API_BASE_URL: https://automacao.tce.go.gov.br/scadaweb/api
2025-08-22 08:31:31,255 - EventosFeriados.SincronizadorCLPAuditorio - INFO - CLP_IP: 172.17.85.123
2025-08-22 08:31:31,256 - EventosFeriados.SincronizadorCLPAuditorio - INFO - Locais gerenciados: ['Auditório Nobre', 'Foyer do Auditório']
2025-08-22 08:31:31,256 - EventosFeriados - INFO - Integração CLP Auditório iniciada
2025-08-22 08:31:31,257 - EventosFeriados.AgendadorCLP - INFO - Gerenciadores inicializados no agendador CLP
2025-08-22 08:31:31,258 - EventosFeriados.AgendadorCLP - INFO - Agendador iniciado (CLP Plenário + CLP Auditório + TCE)
2025-08-22 08:31:31,258 - EventosFeriados.AgendadorCLP - INFO - Agendador iniciado em thread separada
2025-08-22 08:31:31,258 - EventosFeriados - INFO - Agendador CLP iniciado
2025-08-22 08:31:31,272 - EventosFeriados - INFO - Rotas registradas:
2025-08-22 08:31:31,273 - EventosFeriados - INFO -   static: /EventosFeriados/static/<path:filename>
2025-08-22 08:31:31,273 - EventosFeriados - INFO -   api_feriados.listar_feriados: /EventosFeriados/api/feriados
2025-08-22 08:31:31,273 - EventosFeriados - INFO -   api_feriados.obter_feriado: /EventosFeriados/api/feriados/<feriado_id>
2025-08-22 08:31:31,273 - EventosFeriados - INFO -   api_feriados.adicionar_feriado: /EventosFeriados/api/feriados
2025-08-22 08:31:31,273 - EventosFeriados - INFO -   api_feriados.atualizar_feriado: /EventosFeriados/api/feriados/<feriado_id>
2025-08-22 08:31:31,273 - EventosFeriados - INFO -   api_feriados.remover_feriado: /EventosFeriados/api/feriados/<feriado_id>
2025-08-22 08:31:31,273 - EventosFeriados - INFO -   api_feriados.verificar_feriado: /EventosFeriados/api/feriados/verificar
2025-08-22 08:31:31,274 - EventosFeriados - INFO -   api_feriados.remover_duplicatas: /EventosFeriados/api/feriados/remover-duplicatas
2025-08-22 08:31:31,274 - EventosFeriados - INFO -   api_feriados.limpar_duplicatas_manual: /EventosFeriados/api/feriados/limpar-duplicatas
2025-08-22 08:31:31,274 - EventosFeriados - INFO -   api_eventos.listar_eventos: /EventosFeriados/api/eventos
2025-08-22 08:31:31,274 - EventosFeriados - INFO -   api_eventos.obter_evento: /EventosFeriados/api/eventos/<evento_id>
2025-08-22 08:31:31,274 - EventosFeriados - INFO -   api_eventos.adicionar_evento: /EventosFeriados/api/eventos
2025-08-22 08:31:31,274 - EventosFeriados - INFO -   api_eventos.atualizar_evento: /EventosFeriados/api/eventos/<evento_id>
2025-08-22 08:31:31,274 - EventosFeriados - INFO -   api_eventos.remover_evento: /EventosFeriados/api/eventos/<evento_id>
2025-08-22 08:31:31,274 - EventosFeriados - INFO -   api_eventos.eventos_por_data: /EventosFeriados/api/eventos/por-data
2025-08-22 08:31:31,274 - EventosFeriados - INFO -   api_eventos.eventos_por_local: /EventosFeriados/api/eventos/por-local/<local>
2025-08-22 08:31:31,274 - EventosFeriados - INFO -   api_eventos.listar_locais: /EventosFeriados/api/eventos/locais
2025-08-22 08:31:31,274 - EventosFeriados - INFO -   api_clp.status_clp: /EventosFeriados/api/clp/status
2025-08-22 08:31:31,275 - EventosFeriados - INFO -   api_clp.status_data_clp: /EventosFeriados/api/clp/data/<int:dia>/<int:mes>/<int:ano>
2025-08-22 08:31:31,275 - EventosFeriados - INFO -   api_clp.calendario_clp: /EventosFeriados/api/clp/calendario/<int:mes>/<int:ano>
2025-08-22 08:31:31,275 - EventosFeriados - INFO -   api_clp.proximo_evento_clp: /EventosFeriados/api/clp/proximo-evento
2025-08-22 08:31:31,275 - EventosFeriados - INFO -   api_clp.verificar_disponibilidade_clp: /EventosFeriados/api/clp/verificar-disponibilidade
2025-08-22 08:31:31,275 - EventosFeriados - INFO -   api_clp.exportar_dados_clp: /EventosFeriados/api/clp/exportar
2025-08-22 08:31:31,275 - EventosFeriados - INFO -   api_clp.status_hoje_clp: /EventosFeriados/api/clp/hoje
2025-08-22 08:31:31,275 - EventosFeriados - INFO -   api_clp.listar_locais_clp: /EventosFeriados/api/clp/locais
2025-08-22 08:31:31,275 - EventosFeriados - INFO -   api_clp.status_sincronizacao: /EventosFeriados/api/clp/sincronizacao/status
2025-08-22 08:31:31,275 - EventosFeriados - INFO -   api_clp.executar_sincronizacao: /EventosFeriados/api/clp/sincronizacao/executar
2025-08-22 08:31:31,275 - EventosFeriados - INFO -   api_clp.verificar_conectividade: /EventosFeriados/api/clp/conectividade
2025-08-22 08:31:31,275 - EventosFeriados - INFO -   api_clp.status_agendador: /EventosFeriados/api/clp/agendador/status
2025-08-22 08:31:31,276 - EventosFeriados - INFO -   api_clp.teste_tag: /EventosFeriados/api/clp/teste-tag
2025-08-22 08:31:31,276 - EventosFeriados - INFO -   api_clp.limpar_feriados: /EventosFeriados/api/clp/limpar-feriados
2025-08-22 08:31:31,276 - EventosFeriados - INFO -   api_clp.limpar_dados_completo: /EventosFeriados/api/clp/limpar-completo
2025-08-22 08:31:31,276 - EventosFeriados - INFO -   api_clp.limpar_eventos_plenario: /EventosFeriados/api/clp/limpar-eventos
2025-08-22 08:31:31,276 - EventosFeriados - INFO -   api_clp_auditorio.obter_status_auditorio: /EventosFeriados/api/clp-auditorio/status
2025-08-22 08:31:31,276 - EventosFeriados - INFO -   api_clp_auditorio.verificar_conectividade_auditorio: /EventosFeriados/api/clp-auditorio/conectividade
2025-08-22 08:31:31,276 - EventosFeriados - INFO -   api_clp_auditorio.executar_sincronizacao_auditorio: /EventosFeriados/api/clp-auditorio/sincronizar
2025-08-22 08:31:31,276 - EventosFeriados - INFO -   api_clp_auditorio.obter_status_data_auditorio: /EventosFeriados/api/clp-auditorio/data/<int:dia>/<int:mes>/<int:ano>
2025-08-22 08:31:31,276 - EventosFeriados - INFO -   api_clp_auditorio.obter_calendario_auditorio: /EventosFeriados/api/clp-auditorio/calendario/<int:mes>/<int:ano>
2025-08-22 08:31:31,276 - EventosFeriados - INFO -   api_clp_auditorio.proximo_evento_auditorio: /EventosFeriados/api/clp-auditorio/proximo-evento
2025-08-22 08:31:31,276 - EventosFeriados - INFO -   api_clp_auditorio.verificar_disponibilidade_auditorio: /EventosFeriados/api/clp-auditorio/verificar-disponibilidade
2025-08-22 08:31:31,276 - EventosFeriados - INFO -   api_clp_auditorio.exportar_dados_auditorio: /EventosFeriados/api/clp-auditorio/exportar
2025-08-22 08:31:31,277 - EventosFeriados - INFO -   api_clp_auditorio.status_hoje_auditorio: /EventosFeriados/api/clp-auditorio/hoje
2025-08-22 08:31:31,277 - EventosFeriados - INFO -   api_clp_auditorio.listar_locais_auditorio: /EventosFeriados/api/clp-auditorio/locais
2025-08-22 08:31:31,277 - EventosFeriados - INFO -   api_clp_auditorio.limpar_eventos_auditorio: /EventosFeriados/api/clp-auditorio/limpar-eventos
2025-08-22 08:31:31,277 - EventosFeriados - INFO -   api_clp_auditorio.limpar_dados_completo_auditorio: /EventosFeriados/api/clp-auditorio/limpar-completo
2025-08-22 08:31:31,277 - EventosFeriados - INFO -   api_clp_auditorio.testar_tag_auditorio: /EventosFeriados/api/clp-auditorio/testar-tag
2025-08-22 08:31:31,277 - EventosFeriados - INFO -   api_tce.sincronizar_tce: /EventosFeriados/api/tce/sincronizar
2025-08-22 08:31:31,277 - EventosFeriados - INFO -   api_tce.status_tce: /EventosFeriados/api/tce/status
2025-08-22 08:31:31,277 - EventosFeriados - INFO -   api_tce.configurar_tce: /EventosFeriados/api/tce/configurar
2025-08-22 08:31:31,277 - EventosFeriados - INFO -   api_tce.listar_eventos_tce: /EventosFeriados/api/tce/eventos
2025-08-22 08:31:31,277 - EventosFeriados - INFO -   api_tce.remover_evento_tce: /EventosFeriados/api/tce/eventos/<evento_id>
2025-08-22 08:31:31,277 - EventosFeriados - INFO -   web.static: /EventosFeriados/static/<path:filename>
2025-08-22 08:31:31,277 - EventosFeriados - INFO -   web.index: /EventosFeriados/
2025-08-22 08:31:31,277 - EventosFeriados - INFO -   web.feriados: /EventosFeriados/feriados
2025-08-22 08:31:31,278 - EventosFeriados - INFO -   web.eventos: /EventosFeriados/eventos
2025-08-22 08:31:31,278 - EventosFeriados - INFO -   web.calendario: /EventosFeriados/calendario
2025-08-22 08:31:31,278 - EventosFeriados - INFO -   web.sincronizacao_clp: /EventosFeriados/sincronizacao-clp
2025-08-22 08:31:31,278 - EventosFeriados - INFO -   web.sincronizacao_tce: /EventosFeriados/sincronizacao-tce
2025-08-22 08:31:31,278 - EventosFeriados - INFO -   api_status: /EventosFeriados/api/status
2025-08-22 08:31:31,288 - EventosFeriados.GerenciadorFeriados - INFO - Carregados 26 feriados do arquivo
2025-08-22 08:31:31,288 - EventosFeriados.GerenciadorFeriados - INFO - Verificando duplicatas em 26 feriados...
2025-08-22 08:31:31,288 - EventosFeriados.GerenciadorFeriados - INFO - [INIT] Nenhuma duplicata encontrada nos 26 feriados
2025-08-22 08:31:31,289 - EventosFeriados - INFO - Sistema de notificação de eventos inicializado com sucesso
2025-08-22 08:31:31,289 - EventosFeriados - INFO - Scheduler de lembretes de eventos iniciado (verificação diária às 08:00)
2025-08-22 08:31:31,289 - EventosFeriados - INFO - Sistema de notificações de eventos inicializado
2025-08-22 08:31:31,305 - werkzeug - WARNING -  * Debugger is active!
2025-08-22 08:31:31,312 - werkzeug - INFO -  * Debugger PIN: 678-431-491
2025-08-22 08:31:45,821 - werkzeug - INFO - 127.0.0.1 - - [22/Aug/2025 08:31:45] "GET /EventosFeriados/sincronizacao-tce?id=0e72be12-9f17-4c36-aa4d-0c631f3c1eb5&vscodeBrowserReqId=1755862305802 HTTP/1.1" 200 -
2025-08-22 08:31:46,645 - werkzeug - INFO - 127.0.0.1 - - [22/Aug/2025 08:31:46] "GET /EventosFeriados/static/css/fallback.css HTTP/1.1" 200 -
2025-08-22 08:31:46,646 - werkzeug - INFO - 127.0.0.1 - - [22/Aug/2025 08:31:46] "GET /EventosFeriados/static/css/base_layout.css HTTP/1.1" 200 -
2025-08-22 08:31:46,650 - werkzeug - INFO - 127.0.0.1 - - [22/Aug/2025 08:31:46] "GET /EventosFeriados/static/css/style.css HTTP/1.1" 200 -
2025-08-22 08:31:46,650 - werkzeug - INFO - 127.0.0.1 - - [22/Aug/2025 08:31:46] "GET /EventosFeriados/static/js/main.js HTTP/1.1" 200 -
2025-08-22 08:31:47,302 - werkzeug - INFO - 127.0.0.1 - - [22/Aug/2025 08:31:47] "[33mGET /api/tce/status HTTP/1.1[0m" 404 -
2025-08-22 08:31:47,302 - werkzeug - INFO - 127.0.0.1 - - [22/Aug/2025 08:31:47] "[33mGET /api/tce/eventos?ano=2025 HTTP/1.1[0m" 404 -
2025-08-22 08:32:17,302 - werkzeug - INFO - 127.0.0.1 - - [22/Aug/2025 08:32:17] "[33mGET /api/tce/status HTTP/1.1[0m" 404 -
2025-08-22 08:32:47,309 - werkzeug - INFO - 127.0.0.1 - - [22/Aug/2025 08:32:47] "[33mGET /api/tce/status HTTP/1.1[0m" 404 -
2025-08-22 08:33:17,306 - werkzeug - INFO - 127.0.0.1 - - [22/Aug/2025 08:33:17] "[33mGET /api/tce/status HTTP/1.1[0m" 404 -
2025-08-22 08:33:46,135 - werkzeug - INFO -  * Detected change in 'C:\\Users\\phmota\\Documentos\\Repositórios\\EventosFeriados\\teste_sincronizacao_tce.py', reloading
2025-08-22 08:33:46,757 - werkzeug - INFO -  * Restarting with watchdog (windowsapi)
2025-08-22 08:33:46,991 - EventosFeriados - INFO - Sistema de logging inicializado
2025-08-22 08:33:47,013 - EventosFeriados.GerenciadorFeriados - INFO - Carregados 26 feriados do arquivo
2025-08-22 08:33:47,013 - EventosFeriados.GerenciadorFeriados - INFO - Verificando duplicatas em 26 feriados...
2025-08-22 08:33:47,013 - EventosFeriados.GerenciadorFeriados - INFO - [INIT] Nenhuma duplicata encontrada nos 26 feriados
2025-08-22 08:33:47,013 - EventosFeriados - INFO - Gerenciador de feriados iniciado
2025-08-22 08:33:47,014 - EventosFeriados.GerenciadorEventos - INFO - Carregados 2 eventos do arquivo
2025-08-22 08:33:47,015 - EventosFeriados - INFO - Gerenciador de eventos iniciado
2025-08-22 08:33:47,083 - EventosFeriados.SincronizadorCLP - INFO - SincronizadorCLP inicializado com API_BASE_URL: https://automacao.tce.go.gov.br/scadaweb/api
2025-08-22 08:33:47,083 - EventosFeriados.SincronizadorCLP - INFO - CLP_IP: 172.17.85.104
2025-08-22 08:33:47,083 - EventosFeriados.SincronizadorCLP - INFO - AUTH_USER: eventosferiados
2025-08-22 08:33:47,083 - EventosFeriados - INFO - Integração CLP Plenário iniciada
2025-08-22 08:33:47,085 - EventosFeriados.SincronizadorCLPAuditorio - INFO - SincronizadorCLPAuditorio inicializado com API_BASE_URL: https://automacao.tce.go.gov.br/scadaweb/api
2025-08-22 08:33:47,085 - EventosFeriados.SincronizadorCLPAuditorio - INFO - CLP_IP: 172.17.85.123
2025-08-22 08:33:47,085 - EventosFeriados.SincronizadorCLPAuditorio - INFO - Locais gerenciados: ['Auditório Nobre', 'Foyer do Auditório']
2025-08-22 08:33:47,085 - EventosFeriados - INFO - Integração CLP Auditório iniciada
2025-08-22 08:33:47,086 - EventosFeriados.AgendadorCLP - INFO - Gerenciadores inicializados no agendador CLP
2025-08-22 08:33:47,088 - EventosFeriados.AgendadorCLP - INFO - Agendador iniciado (CLP Plenário + CLP Auditório + TCE)
2025-08-22 08:33:47,088 - EventosFeriados.AgendadorCLP - INFO - Agendador iniciado em thread separada
2025-08-22 08:33:47,088 - EventosFeriados - INFO - Agendador CLP iniciado
2025-08-22 08:33:47,108 - EventosFeriados - INFO - Rotas registradas:
2025-08-22 08:33:47,108 - EventosFeriados - INFO -   static: /EventosFeriados/static/<path:filename>
2025-08-22 08:33:47,109 - EventosFeriados - INFO -   api_feriados.listar_feriados: /EventosFeriados/api/feriados
2025-08-22 08:33:47,109 - EventosFeriados - INFO -   api_feriados.obter_feriado: /EventosFeriados/api/feriados/<feriado_id>
2025-08-22 08:33:47,109 - EventosFeriados - INFO -   api_feriados.adicionar_feriado: /EventosFeriados/api/feriados
2025-08-22 08:33:47,109 - EventosFeriados - INFO -   api_feriados.atualizar_feriado: /EventosFeriados/api/feriados/<feriado_id>
2025-08-22 08:33:47,109 - EventosFeriados - INFO -   api_feriados.remover_feriado: /EventosFeriados/api/feriados/<feriado_id>
2025-08-22 08:33:47,109 - EventosFeriados - INFO -   api_feriados.verificar_feriado: /EventosFeriados/api/feriados/verificar
2025-08-22 08:33:47,109 - EventosFeriados - INFO -   api_feriados.remover_duplicatas: /EventosFeriados/api/feriados/remover-duplicatas
2025-08-22 08:33:47,109 - EventosFeriados - INFO -   api_feriados.limpar_duplicatas_manual: /EventosFeriados/api/feriados/limpar-duplicatas
2025-08-22 08:33:47,109 - EventosFeriados - INFO -   api_eventos.listar_eventos: /EventosFeriados/api/eventos
2025-08-22 08:33:47,110 - EventosFeriados - INFO -   api_eventos.obter_evento: /EventosFeriados/api/eventos/<evento_id>
2025-08-22 08:33:47,110 - EventosFeriados - INFO -   api_eventos.adicionar_evento: /EventosFeriados/api/eventos
2025-08-22 08:33:47,110 - EventosFeriados - INFO -   api_eventos.atualizar_evento: /EventosFeriados/api/eventos/<evento_id>
2025-08-22 08:33:47,110 - EventosFeriados - INFO -   api_eventos.remover_evento: /EventosFeriados/api/eventos/<evento_id>
2025-08-22 08:33:47,110 - EventosFeriados - INFO -   api_eventos.eventos_por_data: /EventosFeriados/api/eventos/por-data
2025-08-22 08:33:47,110 - EventosFeriados - INFO -   api_eventos.eventos_por_local: /EventosFeriados/api/eventos/por-local/<local>
2025-08-22 08:33:47,110 - EventosFeriados - INFO -   api_eventos.listar_locais: /EventosFeriados/api/eventos/locais
2025-08-22 08:33:47,110 - EventosFeriados - INFO -   api_clp.status_clp: /EventosFeriados/api/clp/status
2025-08-22 08:33:47,110 - EventosFeriados - INFO -   api_clp.status_data_clp: /EventosFeriados/api/clp/data/<int:dia>/<int:mes>/<int:ano>
2025-08-22 08:33:47,111 - EventosFeriados - INFO -   api_clp.calendario_clp: /EventosFeriados/api/clp/calendario/<int:mes>/<int:ano>
2025-08-22 08:33:47,111 - EventosFeriados - INFO -   api_clp.proximo_evento_clp: /EventosFeriados/api/clp/proximo-evento
2025-08-22 08:33:47,111 - EventosFeriados - INFO -   api_clp.verificar_disponibilidade_clp: /EventosFeriados/api/clp/verificar-disponibilidade
2025-08-22 08:33:47,111 - EventosFeriados - INFO -   api_clp.exportar_dados_clp: /EventosFeriados/api/clp/exportar
2025-08-22 08:33:47,111 - EventosFeriados - INFO -   api_clp.status_hoje_clp: /EventosFeriados/api/clp/hoje
2025-08-22 08:33:47,111 - EventosFeriados - INFO -   api_clp.listar_locais_clp: /EventosFeriados/api/clp/locais
2025-08-22 08:33:47,111 - EventosFeriados - INFO -   api_clp.status_sincronizacao: /EventosFeriados/api/clp/sincronizacao/status
2025-08-22 08:33:47,111 - EventosFeriados - INFO -   api_clp.executar_sincronizacao: /EventosFeriados/api/clp/sincronizacao/executar
2025-08-22 08:33:47,111 - EventosFeriados - INFO -   api_clp.verificar_conectividade: /EventosFeriados/api/clp/conectividade
2025-08-22 08:33:47,111 - EventosFeriados - INFO -   api_clp.status_agendador: /EventosFeriados/api/clp/agendador/status
2025-08-22 08:33:47,112 - EventosFeriados - INFO -   api_clp.teste_tag: /EventosFeriados/api/clp/teste-tag
2025-08-22 08:33:47,112 - EventosFeriados - INFO -   api_clp.limpar_feriados: /EventosFeriados/api/clp/limpar-feriados
2025-08-22 08:33:47,112 - EventosFeriados - INFO -   api_clp.limpar_dados_completo: /EventosFeriados/api/clp/limpar-completo
2025-08-22 08:33:47,112 - EventosFeriados - INFO -   api_clp.limpar_eventos_plenario: /EventosFeriados/api/clp/limpar-eventos
2025-08-22 08:33:47,112 - EventosFeriados - INFO -   api_clp_auditorio.obter_status_auditorio: /EventosFeriados/api/clp-auditorio/status
2025-08-22 08:33:47,112 - EventosFeriados - INFO -   api_clp_auditorio.verificar_conectividade_auditorio: /EventosFeriados/api/clp-auditorio/conectividade
2025-08-22 08:33:47,112 - EventosFeriados - INFO -   api_clp_auditorio.executar_sincronizacao_auditorio: /EventosFeriados/api/clp-auditorio/sincronizar
2025-08-22 08:33:47,112 - EventosFeriados - INFO -   api_clp_auditorio.obter_status_data_auditorio: /EventosFeriados/api/clp-auditorio/data/<int:dia>/<int:mes>/<int:ano>
2025-08-22 08:33:47,113 - EventosFeriados - INFO -   api_clp_auditorio.obter_calendario_auditorio: /EventosFeriados/api/clp-auditorio/calendario/<int:mes>/<int:ano>
2025-08-22 08:33:47,113 - EventosFeriados - INFO -   api_clp_auditorio.proximo_evento_auditorio: /EventosFeriados/api/clp-auditorio/proximo-evento
2025-08-22 08:33:47,113 - EventosFeriados - INFO -   api_clp_auditorio.verificar_disponibilidade_auditorio: /EventosFeriados/api/clp-auditorio/verificar-disponibilidade
2025-08-22 08:33:47,113 - EventosFeriados - INFO -   api_clp_auditorio.exportar_dados_auditorio: /EventosFeriados/api/clp-auditorio/exportar
2025-08-22 08:33:47,113 - EventosFeriados - INFO -   api_clp_auditorio.status_hoje_auditorio: /EventosFeriados/api/clp-auditorio/hoje
2025-08-22 08:33:47,113 - EventosFeriados - INFO -   api_clp_auditorio.listar_locais_auditorio: /EventosFeriados/api/clp-auditorio/locais
2025-08-22 08:33:47,113 - EventosFeriados - INFO -   api_clp_auditorio.limpar_eventos_auditorio: /EventosFeriados/api/clp-auditorio/limpar-eventos
2025-08-22 08:33:47,113 - EventosFeriados - INFO -   api_clp_auditorio.limpar_dados_completo_auditorio: /EventosFeriados/api/clp-auditorio/limpar-completo
2025-08-22 08:33:47,113 - EventosFeriados - INFO -   api_clp_auditorio.testar_tag_auditorio: /EventosFeriados/api/clp-auditorio/testar-tag
2025-08-22 08:33:47,114 - EventosFeriados - INFO -   api_tce.sincronizar_tce: /EventosFeriados/api/tce/sincronizar
2025-08-22 08:33:47,114 - EventosFeriados - INFO -   api_tce.status_tce: /EventosFeriados/api/tce/status
2025-08-22 08:33:47,114 - EventosFeriados - INFO -   api_tce.configurar_tce: /EventosFeriados/api/tce/configurar
2025-08-22 08:33:47,114 - EventosFeriados - INFO -   api_tce.listar_eventos_tce: /EventosFeriados/api/tce/eventos
2025-08-22 08:33:47,114 - EventosFeriados - INFO -   api_tce.remover_evento_tce: /EventosFeriados/api/tce/eventos/<evento_id>
2025-08-22 08:33:47,114 - EventosFeriados - INFO -   web.static: /EventosFeriados/static/<path:filename>
2025-08-22 08:33:47,114 - EventosFeriados - INFO -   web.index: /EventosFeriados/
2025-08-22 08:33:47,114 - EventosFeriados - INFO -   web.feriados: /EventosFeriados/feriados
2025-08-22 08:33:47,114 - EventosFeriados - INFO -   web.eventos: /EventosFeriados/eventos
2025-08-22 08:33:47,114 - EventosFeriados - INFO -   web.calendario: /EventosFeriados/calendario
2025-08-22 08:33:47,114 - EventosFeriados - INFO -   web.sincronizacao_clp: /EventosFeriados/sincronizacao-clp
2025-08-22 08:33:47,114 - EventosFeriados - INFO -   web.sincronizacao_tce: /EventosFeriados/sincronizacao-tce
2025-08-22 08:33:47,115 - EventosFeriados - INFO -   api_status: /EventosFeriados/api/status
2025-08-22 08:33:47,125 - EventosFeriados.GerenciadorFeriados - INFO - Carregados 26 feriados do arquivo
2025-08-22 08:33:47,126 - EventosFeriados.GerenciadorFeriados - INFO - Verificando duplicatas em 26 feriados...
2025-08-22 08:33:47,126 - EventosFeriados.GerenciadorFeriados - INFO - [INIT] Nenhuma duplicata encontrada nos 26 feriados
2025-08-22 08:33:47,126 - EventosFeriados - INFO - Sistema de notificação de eventos inicializado com sucesso
2025-08-22 08:33:47,126 - EventosFeriados - INFO - Scheduler de lembretes de eventos iniciado (verificação diária às 08:00)
2025-08-22 08:33:47,126 - EventosFeriados - INFO - Sistema de notificações de eventos inicializado
2025-08-22 08:33:47,144 - werkzeug - WARNING -  * Debugger is active!
2025-08-22 08:33:47,147 - werkzeug - INFO -  * Debugger PIN: 678-431-491
